2025-04-04 11:16:34.936684 - Received CBT.V508.FILE532.PDS from FILE532.XMI 
2025-04-04 11:16:34.942345 - Found $$$#DATE.txt (text/plain) in CBT.V508.FILE532.PDS, moved to PDS/$$$#DATE
2025-04-04 11:16:34.942495 - Found $$$NOTES.eml (message/rfc822) in CBT.V508.FILE532.PDS, moved to PDS/$$$NOTES
2025-04-04 11:16:34.942644 - Found $$CBTDOC.txt (text/plain) in CBT.V508.FILE532.PDS, moved to PDS/$$CBTDOC
2025-04-04 11:16:34.942768 - Found $$CCHELP.txt (text/plain) in CBT.V508.FILE532.PDS, moved to PDS/$$CCHELP
2025-04-04 11:16:34.942887 - Found $$CHDEFS.txt (text/plain) in CBT.V508.FILE532.PDS, moved to PDS/$$CHDEFS
2025-04-04 11:16:34.943003 - Found $$CHHELP.txt (text/plain) in CBT.V508.FILE532.PDS, moved to PDS/$$CHHELP
2025-04-04 11:16:34.943129 - Found $$JCARDS.jcl (text/plain) in CBT.V508.FILE532.PDS, moved to PDS/$$JCARDS
2025-04-04 11:16:34.943243 - Found $$JCNVRT.txt (text/plain) in CBT.V508.FILE532.PDS, moved to PDS/$$JCNVRT
2025-04-04 11:16:34.943378 - Found $$JSETUP.txt (text/plain) in CBT.V508.FILE532.PDS, moved to PDS/$$JSETUP
2025-04-04 11:16:34.943495 - Found $CC.txt (text/plain) in CBT.V508.FILE532.PDS, moved to PDS/$CC
2025-04-04 11:16:34.943634 - Found $CCA.txt (text/plain) in CBT.V508.FILE532.PDS, moved to PDS/$CCA
2025-04-04 11:16:34.943751 - Found $CCAL.txt (text/plain) in CBT.V508.FILE532.PDS, moved to PDS/$CCAL
2025-04-04 11:16:34.943882 - Found $CCB.txt (text/plain) in CBT.V508.FILE532.PDS, moved to PDS/$CCB
2025-04-04 11:16:34.944019 - Found $CCBL.txt (text/plain) in CBT.V508.FILE532.PDS, moved to PDS/$CCBL
2025-04-04 11:16:34.944155 - Found $CCC.txt (text/plain) in CBT.V508.FILE532.PDS, moved to PDS/$CCC
2025-04-04 11:16:34.944285 - Found $CCCL.txt (text/plain) in CBT.V508.FILE532.PDS, moved to PDS/$CCCL
2025-04-04 11:16:34.944418 - Found $CCP.txt (text/plain) in CBT.V508.FILE532.PDS, moved to PDS/$CCP
2025-04-04 11:16:34.944536 - Found $CCT.txt (text/plain) in CBT.V508.FILE532.PDS, moved to PDS/$CCT
2025-04-04 11:16:34.944654 - Found $CCXL.txt (text/plain) in CBT.V508.FILE532.PDS, moved to PDS/$CCXL
2025-04-04 11:16:34.944771 - Found $DD.txt (text/plain) in CBT.V508.FILE532.PDS, moved to PDS/$DD
2025-04-04 11:16:34.944941 - Found $DDA.txt (text/plain) in CBT.V508.FILE532.PDS, moved to PDS/$DDA
2025-04-04 11:16:34.945109 - Found $DDB.txt (text/plain) in CBT.V508.FILE532.PDS, moved to PDS/$DDB
2025-04-04 11:16:34.945314 - Found $DDC.txt (text/plain) in CBT.V508.FILE532.PDS, moved to PDS/$DDC
2025-04-04 11:16:34.945458 - Found $DDD.txt (text/plain) in CBT.V508.FILE532.PDS, moved to PDS/$DDD
2025-04-04 11:16:34.945590 - Found @FILE532.txt (text/plain) in CBT.V508.FILE532.PDS, moved to PDS/@FILE532
2025-04-04 11:16:34.945712 - Found AB.txt (text/plain) in CBT.V508.FILE532.PDS, moved to PDS/AB
2025-04-04 11:16:34.945832 - Found ACC.txt (text/plain) in CBT.V508.FILE532.PDS, moved to PDS/ACC
2025-04-04 11:16:34.945951 - Found ACCEXP.txt (text/plain) in CBT.V508.FILE532.PDS, moved to PDS/ACCEXP
2025-04-04 11:16:34.946064 - Found ACSDEST.txt (text/plain) in CBT.V508.FILE532.PDS, moved to PDS/ACSDEST
2025-04-04 11:16:34.946335 - Found AF.txt (text/plain) in CBT.V508.FILE532.PDS, moved to PDS/AF
2025-04-04 11:16:34.946456 - Found AJ.txt (text/plain) in CBT.V508.FILE532.PDS, moved to PDS/AJ
2025-04-04 11:16:34.946573 - Found AL.txt (text/plain) in CBT.V508.FILE532.PDS, moved to PDS/AL
2025-04-04 11:16:34.946691 - Found ALL.txt (text/plain) in CBT.V508.FILE532.PDS, moved to PDS/ALL
2025-04-04 11:16:34.946822 - Found AP.txt (text/plain) in CBT.V508.FILE532.PDS, moved to PDS/AP
2025-04-04 11:16:34.946936 - Found AW.txt (text/plain) in CBT.V508.FILE532.PDS, moved to PDS/AW
2025-04-04 11:16:34.947051 - Found BCOB2C.txt (text/plain) in CBT.V508.FILE532.PDS, moved to PDS/BCOB2C
2025-04-04 11:16:34.947172 - Found BCOB2CL.txt (text/plain) in CBT.V508.FILE532.PDS, moved to PDS/BCOB2CL
2025-04-04 11:16:34.947327 - Found BCOB2ROS.txt (text/plain) in CBT.V508.FILE532.PDS, moved to PDS/BCOB2ROS
2025-04-04 11:16:34.947455 - Found BDAY.txt (text/plain) in CBT.V508.FILE532.PDS, moved to PDS/BDAY
2025-04-04 11:16:34.947588 - Found BFILL16.txt (text/plain) in CBT.V508.FILE532.PDS, moved to PDS/BFILL16
2025-04-04 11:16:34.947732 - Found BLANKFIL.txt (text/plain) in CBT.V508.FILE532.PDS, moved to PDS/BLANKFIL
2025-04-04 11:16:34.947864 - Found BLKTAPE.txt (text/plain) in CBT.V508.FILE532.PDS, moved to PDS/BLKTAPE
2025-04-04 11:16:34.947976 - Found BLK3390.txt (text/plain) in CBT.V508.FILE532.PDS, moved to PDS/BLK3390
2025-04-04 11:16:34.948112 - Found BMI.txt (text/plain) in CBT.V508.FILE532.PDS, moved to PDS/BMI
2025-04-04 11:16:34.948239 - Found BMI1.txt (text/plain) in CBT.V508.FILE532.PDS, moved to PDS/BMI1
2025-04-04 11:16:34.948383 - Found CALS.txt (text/plain) in CBT.V508.FILE532.PDS, moved to PDS/CALS
2025-04-04 11:16:34.948507 - Found CBL2USER.txt (text/plain) in CBT.V508.FILE532.PDS, moved to PDS/CBL2USER
2025-04-04 11:16:34.948650 - Found CC.txt (text/plain) in CBT.V508.FILE532.PDS, moved to PDS/CC
2025-04-04 11:16:34.948790 - Found CCA.txt (text/plain) in CBT.V508.FILE532.PDS, moved to PDS/CCA
2025-04-04 11:16:34.948933 - Found CCACXJCL.txt (text/plain) in CBT.V508.FILE532.PDS, moved to PDS/CCACXJCL
2025-04-04 11:16:34.949064 - Found CCAL.txt (text/plain) in CBT.V508.FILE532.PDS, moved to PDS/CCAL
2025-04-04 11:16:34.949195 - Found CCALXPAN.txt (text/plain) in CBT.V508.FILE532.PDS, moved to PDS/CCALXPAN
2025-04-04 11:16:34.949323 - Found CCASXJCL.txt (text/plain) in CBT.V508.FILE532.PDS, moved to PDS/CCASXJCL
2025-04-04 11:16:34.949487 - Found CCAXXHLP.txt (text/plain) in CBT.V508.FILE532.PDS, moved to PDS/CCAXXHLP
2025-04-04 11:16:34.949624 - Found CCAXXPAN.txt (text/plain) in CBT.V508.FILE532.PDS, moved to PDS/CCAXXPAN
2025-04-04 11:16:34.949774 - Found CCB.txt (text/plain) in CBT.V508.FILE532.PDS, moved to PDS/CCB
2025-04-04 11:16:34.949912 - Found CCBDIJCL.txt (text/plain) in CBT.V508.FILE532.PDS, moved to PDS/CCBDIJCL
2025-04-04 11:16:34.950056 - Found CCBDXJCL.txt (text/plain) in CBT.V508.FILE532.PDS, moved to PDS/CCBDXJCL
2025-04-04 11:16:34.950169 - Found CCBL.txt (text/plain) in CBT.V508.FILE532.PDS, moved to PDS/CCBL
2025-04-04 11:16:34.950293 - Found CCBLXPAN.txt (text/plain) in CBT.V508.FILE532.PDS, moved to PDS/CCBLXPAN
2025-04-04 11:16:34.950415 - Found CCBXIJCL.txt (text/plain) in CBT.V508.FILE532.PDS, moved to PDS/CCBXIJCL
2025-04-04 11:16:34.950532 - Found CCBXXHLP.txt (text/plain) in CBT.V508.FILE532.PDS, moved to PDS/CCBXXHLP
2025-04-04 11:16:34.950673 - Found CCBXXJCL.txt (text/plain) in CBT.V508.FILE532.PDS, moved to PDS/CCBXXJCL
2025-04-04 11:16:34.950821 - Found CCBXXPAN.txt (text/plain) in CBT.V508.FILE532.PDS, moved to PDS/CCBXXPAN
2025-04-04 11:16:34.950966 - Found CCC.txt (text/plain) in CBT.V508.FILE532.PDS, moved to PDS/CCC
2025-04-04 11:16:34.951097 - Found CCCL.txt (text/plain) in CBT.V508.FILE532.PDS, moved to PDS/CCCL
2025-04-04 11:16:34.951215 - Found CCCLXPAN.txt (text/plain) in CBT.V508.FILE532.PDS, moved to PDS/CCCLXPAN
2025-04-04 11:16:34.951457 - Found CCCXIJCL.txt (text/plain) in CBT.V508.FILE532.PDS, moved to PDS/CCCXIJCL
2025-04-04 11:16:34.951588 - Found CCCXXHLP.txt (text/plain) in CBT.V508.FILE532.PDS, moved to PDS/CCCXXHLP
2025-04-04 11:16:34.951737 - Found CCCXXJCL.txt (text/plain) in CBT.V508.FILE532.PDS, moved to PDS/CCCXXJCL
2025-04-04 11:16:34.951867 - Found CCCXXPAN.txt (text/plain) in CBT.V508.FILE532.PDS, moved to PDS/CCCXXPAN
2025-04-04 11:16:34.952015 - Found CCDEFGET.txt (text/plain) in CBT.V508.FILE532.PDS, moved to PDS/CCDEFGET
2025-04-04 11:16:34.952141 - Found CCDEFHLP.txt (text/plain) in CBT.V508.FILE532.PDS, moved to PDS/CCDEFHLP
2025-04-04 11:16:34.952252 - Found CCDEFPAN.txt (text/plain) in CBT.V508.FILE532.PDS, moved to PDS/CCDEFPAN
2025-04-04 11:16:34.952375 - Found CCDEFSET.txt (text/plain) in CBT.V508.FILE532.PDS, moved to PDS/CCDEFSET
2025-04-04 11:16:34.952511 - Found CCHLPPAN.txt (text/plain) in CBT.V508.FILE532.PDS, moved to PDS/CCHLPPAN
2025-04-04 11:16:34.952638 - Found CCHLPSHO.txt (text/plain) in CBT.V508.FILE532.PDS, moved to PDS/CCHLPSHO
2025-04-04 11:16:34.952787 - Found CCJOBBLD.txt (text/plain) in CBT.V508.FILE532.PDS, moved to PDS/CCJOBBLD
2025-04-04 11:16:34.952918 - Found CCJOBJCL.jcl (text/plain) in CBT.V508.FILE532.PDS, moved to PDS/CCJOBJCL
2025-04-04 11:16:34.953054 - Found CCLIBMEM.txt (text/plain) in CBT.V508.FILE532.PDS, moved to PDS/CCLIBMEM
2025-04-04 11:16:34.953197 - Found CCMEMPAN.txt (text/plain) in CBT.V508.FILE532.PDS, moved to PDS/CCMEMPAN
2025-04-04 11:16:34.953325 - Found CCMEMSEL.txt (text/plain) in CBT.V508.FILE532.PDS, moved to PDS/CCMEMSEL
2025-04-04 11:16:34.953457 - Found CCPXXJCL.txt (text/plain) in CBT.V508.FILE532.PDS, moved to PDS/CCPXXJCL
2025-04-04 11:16:34.953594 - Found CCPXXPAN.txt (text/plain) in CBT.V508.FILE532.PDS, moved to PDS/CCPXXPAN
2025-04-04 11:16:34.953723 - Found CCROSPAN.txt (text/plain) in CBT.V508.FILE532.PDS, moved to PDS/CCROSPAN
2025-04-04 11:16:34.953850 - Found CCROSSEL.txt (text/plain) in CBT.V508.FILE532.PDS, moved to PDS/CCROSSEL
2025-04-04 11:16:34.953983 - Found CCSESSET.txt (text/plain) in CBT.V508.FILE532.PDS, moved to PDS/CCSESSET
2025-04-04 11:16:34.954107 - Found CCSETPAN.txt (text/plain) in CBT.V508.FILE532.PDS, moved to PDS/CCSETPAN
2025-04-04 11:16:34.954258 - Found CCTXXJCL.txt (text/plain) in CBT.V508.FILE532.PDS, moved to PDS/CCTXXJCL
2025-04-04 11:16:34.954378 - Found CCTXXPAN.txt (text/plain) in CBT.V508.FILE532.PDS, moved to PDS/CCTXXPAN
2025-04-04 11:16:34.954503 - Found CCURTPAN.txt (text/plain) in CBT.V508.FILE532.PDS, moved to PDS/CCURTPAN
2025-04-04 11:16:34.954632 - Found CCURTSEL.txt (text/plain) in CBT.V508.FILE532.PDS, moved to PDS/CCURTSEL
2025-04-04 11:16:34.954754 - Found CCXLXPAN.txt (text/plain) in CBT.V508.FILE532.PDS, moved to PDS/CCXLXPAN
2025-04-04 11:16:34.954865 - Found CCXXXHLP.txt (text/plain) in CBT.V508.FILE532.PDS, moved to PDS/CCXXXHLP
2025-04-04 11:16:34.954995 - Found CCXXXPAN.txt (text/plain) in CBT.V508.FILE532.PDS, moved to PDS/CCXXXPAN
2025-04-04 11:16:34.955132 - Found CICSCOB.txt (text/plain) in CBT.V508.FILE532.PDS, moved to PDS/CICSCOB
2025-04-04 11:16:34.955248 - Found CICSCOBL.txt (text/plain) in CBT.V508.FILE532.PDS, moved to PDS/CICSCOBL
2025-04-04 11:16:34.955380 - Found CICSCOMP.txt (text/plain) in CBT.V508.FILE532.PDS, moved to PDS/CICSCOMP
2025-04-04 11:16:34.955515 - Found CICSMAP.txt (text/plain) in CBT.V508.FILE532.PDS, moved to PDS/CICSMAP
2025-04-04 11:16:34.955634 - Found CLEANROS.txt (text/plain) in CBT.V508.FILE532.PDS, moved to PDS/CLEANROS
2025-04-04 11:16:34.955761 - Found CSHCSH.txt (text/plain) in CBT.V508.FILE532.PDS, moved to PDS/CSHCSH
2025-04-04 11:16:34.955877 - Found DATE.txt (text/plain) in CBT.V508.FILE532.PDS, moved to PDS/DATE
2025-04-04 11:16:34.955993 - Found DCOB2C.txt (text/plain) in CBT.V508.FILE532.PDS, moved to PDS/DCOB2C
2025-04-04 11:16:34.956137 - Found DCOB2CL.txt (text/plain) in CBT.V508.FILE532.PDS, moved to PDS/DCOB2CL
2025-04-04 11:16:34.956284 - Found DD.txt (text/plain) in CBT.V508.FILE532.PDS, moved to PDS/DD
2025-04-04 11:16:34.956405 - Found DDADIJCL.txt (text/plain) in CBT.V508.FILE532.PDS, moved to PDS/DDADIJCL
2025-04-04 11:16:34.956532 - Found DDADXJCL.txt (text/plain) in CBT.V508.FILE532.PDS, moved to PDS/DDADXJCL
2025-04-04 11:16:34.956675 - Found DDAXIJCL.txt (text/plain) in CBT.V508.FILE532.PDS, moved to PDS/DDAXIJCL
2025-04-04 11:16:34.956802 - Found DDAXXJCL.txt (text/plain) in CBT.V508.FILE532.PDS, moved to PDS/DDAXXJCL
2025-04-04 11:16:34.956933 - Found DDBXIJCL.txt (text/plain) in CBT.V508.FILE532.PDS, moved to PDS/DDBXIJCL
2025-04-04 11:16:34.957075 - Found DDBXXJCL.txt (text/plain) in CBT.V508.FILE532.PDS, moved to PDS/DDBXXJCL
2025-04-04 11:16:34.957199 - Found DDCDIJCL.txt (text/plain) in CBT.V508.FILE532.PDS, moved to PDS/DDCDIJCL
2025-04-04 11:16:34.957327 - Found DDCDXJCL.txt (text/plain) in CBT.V508.FILE532.PDS, moved to PDS/DDCDXJCL
2025-04-04 11:16:34.957454 - Found DDCXIJCL.txt (text/plain) in CBT.V508.FILE532.PDS, moved to PDS/DDCXIJCL
2025-04-04 11:16:34.957574 - Found DDCXXJCL.txt (text/plain) in CBT.V508.FILE532.PDS, moved to PDS/DDCXXJCL
2025-04-04 11:16:34.957687 - Found DDD.txt (text/plain) in CBT.V508.FILE532.PDS, moved to PDS/DDD
2025-04-04 11:16:34.957800 - Found DDDXIJCL.txt (text/plain) in CBT.V508.FILE532.PDS, moved to PDS/DDDXIJCL
2025-04-04 11:16:34.957913 - Found DDDXXJCL.txt (text/plain) in CBT.V508.FILE532.PDS, moved to PDS/DDDXXJCL
2025-04-04 11:16:34.958025 - Found DDXXXPAN.txt (text/plain) in CBT.V508.FILE532.PDS, moved to PDS/DDXXXPAN
2025-04-04 11:16:34.958146 - Found DECTOHEX.txt (text/plain) in CBT.V508.FILE532.PDS, moved to PDS/DECTOHEX
2025-04-04 11:16:34.958274 - Found DEDUP.txt (text/plain) in CBT.V508.FILE532.PDS, moved to PDS/DEDUP
2025-04-04 11:16:34.958402 - Found DELDUPS.txt (text/plain) in CBT.V508.FILE532.PDS, moved to PDS/DELDUPS
2025-04-04 11:16:34.958515 - Found DIR.txt (text/plain) in CBT.V508.FILE532.PDS, moved to PDS/DIR
2025-04-04 11:16:34.958627 - Found DJ.txt (text/plain) in CBT.V508.FILE532.PDS, moved to PDS/DJ
2025-04-04 11:16:34.958737 - Found DJN.txt (text/plain) in CBT.V508.FILE532.PDS, moved to PDS/DJN
2025-04-04 11:16:34.958845 - Found DL.txt (text/plain) in CBT.V508.FILE532.PDS, moved to PDS/DL
2025-04-04 11:16:34.958955 - Found DOCC.txt (text/plain) in CBT.V508.FILE532.PDS, moved to PDS/DOCC
2025-04-04 11:16:34.959068 - Found ECHO.txt (text/plain) in CBT.V508.FILE532.PDS, moved to PDS/ECHO
2025-04-04 11:16:34.959317 - Found EXGET.txt (text/plain) in CBT.V508.FILE532.PDS, moved to PDS/EXGET
2025-04-04 11:16:34.959433 - Found FINDPGM.txt (text/plain) in CBT.V508.FILE532.PDS, moved to PDS/FINDPGM
2025-04-04 11:16:34.959567 - Found FS.txt (text/plain) in CBT.V508.FILE532.PDS, moved to PDS/FS
2025-04-04 11:16:34.959681 - Found FS1.txt (text/plain) in CBT.V508.FILE532.PDS, moved to PDS/FS1
2025-04-04 11:16:34.959791 - Found GENDATA.txt (text/plain) in CBT.V508.FILE532.PDS, moved to PDS/GENDATA
2025-04-04 11:16:34.959901 - Found GETJCL.txt (text/plain) in CBT.V508.FILE532.PDS, moved to PDS/GETJCL
2025-04-04 11:16:34.960012 - Found GETLNG.txt (text/plain) in CBT.V508.FILE532.PDS, moved to PDS/GETLNG
2025-04-04 11:16:34.960125 - Found GETY2K.txt (text/plain) in CBT.V508.FILE532.PDS, moved to PDS/GETY2K
2025-04-04 11:16:34.960240 - Found HEXTODEC.txt (text/plain) in CBT.V508.FILE532.PDS, moved to PDS/HEXTODEC
2025-04-04 11:16:34.960364 - Found IMPEXAML.txt (text/plain) in CBT.V508.FILE532.PDS, moved to PDS/IMPEXAML
2025-04-04 11:16:34.960493 - Found IN.txt (text/plain) in CBT.V508.FILE532.PDS, moved to PDS/IN
2025-04-04 11:16:34.960603 - Found KEEPALL.txt (text/plain) in CBT.V508.FILE532.PDS, moved to PDS/KEEPALL
2025-04-04 11:16:34.960713 - Found LIBLOOK.txt (text/plain) in CBT.V508.FILE532.PDS, moved to PDS/LIBLOOK
2025-04-04 11:16:34.960823 - Found LOUP.txt (text/plain) in CBT.V508.FILE532.PDS, moved to PDS/LOUP
2025-04-04 11:16:34.960939 - Found LS.txt (text/plain) in CBT.V508.FILE532.PDS, moved to PDS/LS
2025-04-04 11:16:34.961051 - Found MHR.txt (text/plain) in CBT.V508.FILE532.PDS, moved to PDS/MHR
2025-04-04 11:16:34.961171 - Found MHR1.txt (text/plain) in CBT.V508.FILE532.PDS, moved to PDS/MHR1
2025-04-04 11:16:34.961288 - Found MIXCASE.txt (text/plain) in CBT.V508.FILE532.PDS, moved to PDS/MIXCASE
2025-04-04 11:16:34.961395 - Found MSG.txt (text/plain) in CBT.V508.FILE532.PDS, moved to PDS/MSG
2025-04-04 11:16:34.961523 - Found MYDSN.txt (text/plain) in CBT.V508.FILE532.PDS, moved to PDS/MYDSN
2025-04-04 11:16:34.961651 - Found NAMEIT.txt (text/plain) in CBT.V508.FILE532.PDS, moved to PDS/NAMEIT
2025-04-04 11:16:34.961762 - Found NF.txt (text/plain) in CBT.V508.FILE532.PDS, moved to PDS/NF
2025-04-04 11:16:34.961873 - Found NOROSCOM.txt (text/plain) in CBT.V508.FILE532.PDS, moved to PDS/NOROSCOM
2025-04-04 11:16:34.961990 - Found NOSEQALL.txt (text/plain) in CBT.V508.FILE532.PDS, moved to PDS/NOSEQALL
2025-04-04 11:16:34.962124 - Found N1R6.txt (text/plain) in CBT.V508.FILE532.PDS, moved to PDS/N1R6
2025-04-04 11:16:34.962242 - Found PACKZZZ.txt (text/plain) in CBT.V508.FILE532.PDS, moved to PDS/PACKZZZ
2025-04-04 11:16:34.962349 - Found PAF.txt (text/plain) in CBT.V508.FILE532.PDS, moved to PDS/PAF
2025-04-04 11:16:34.962463 - Found PAFL.txt (text/plain) in CBT.V508.FILE532.PDS, moved to PDS/PAFL
2025-04-04 11:16:34.962582 - Found PARA.txt (text/plain) in CBT.V508.FILE532.PDS, moved to PDS/PARA
2025-04-04 11:16:34.962692 - Found PF.txt (text/plain) in CBT.V508.FILE532.PDS, moved to PDS/PF
2025-04-04 11:16:34.962807 - Found PFIX.txt (text/plain) in CBT.V508.FILE532.PDS, moved to PDS/PFIX
2025-04-04 11:16:34.962915 - Found PH.txt (text/plain) in CBT.V508.FILE532.PDS, moved to PDS/PH
2025-04-04 11:16:34.963030 - Found PJCL.txt (text/plain) in CBT.V508.FILE532.PDS, moved to PDS/PJCL
2025-04-04 11:16:34.963141 - Found PRINT.jcl (text/plain) in CBT.V508.FILE532.PDS, moved to PDS/PRINT
2025-04-04 11:16:34.963248 - Found PRINTIT.txt (text/plain) in CBT.V508.FILE532.PDS, moved to PDS/PRINTIT
2025-04-04 11:16:34.963359 - Found PROCLOOK.txt (text/plain) in CBT.V508.FILE532.PDS, moved to PDS/PROCLOOK
2025-04-04 11:16:34.963474 - Found PROSMEM.txt (text/plain) in CBT.V508.FILE532.PDS, moved to PDS/PROSMEM
2025-04-04 11:16:34.963586 - Found PUTJCL.txt (text/plain) in CBT.V508.FILE532.PDS, moved to PDS/PUTJCL
2025-04-04 11:16:34.963698 - Found QP.txt (text/plain) in CBT.V508.FILE532.PDS, moved to PDS/QP
2025-04-04 11:16:34.963824 - Found RESET.txt (text/plain) in CBT.V508.FILE532.PDS, moved to PDS/RESET
2025-04-04 11:16:34.963955 - Found ROSREST.txt (text/plain) in CBT.V508.FILE532.PDS, moved to PDS/ROSREST
2025-04-04 11:16:34.964077 - Found SCANACC.txt (text/plain) in CBT.V508.FILE532.PDS, moved to PDS/SCANACC
2025-04-04 11:16:34.964186 - Found SCANLIB.txt (text/plain) in CBT.V508.FILE532.PDS, moved to PDS/SCANLIB
2025-04-04 11:16:34.964296 - Found SCANLMEM.txt (text/plain) in CBT.V508.FILE532.PDS, moved to PDS/SCANLMEM
2025-04-04 11:16:34.964421 - Found SCANMEM.txt (text/plain) in CBT.V508.FILE532.PDS, moved to PDS/SCANMEM
2025-04-04 11:16:34.964535 - Found SCANPFIX.txt (text/plain) in CBT.V508.FILE532.PDS, moved to PDS/SCANPFIX
2025-04-04 11:16:34.964644 - Found SCANRMEM.txt (text/plain) in CBT.V508.FILE532.PDS, moved to PDS/SCANRMEM
2025-04-04 11:16:34.964758 - Found SCANROS.txt (text/plain) in CBT.V508.FILE532.PDS, moved to PDS/SCANROS
2025-04-04 11:16:34.964890 - Found SD.txt (text/plain) in CBT.V508.FILE532.PDS, moved to PDS/SD
2025-04-04 11:16:34.965003 - Found SDJ.txt (text/plain) in CBT.V508.FILE532.PDS, moved to PDS/SDJ
2025-04-04 11:16:34.965115 - Found SHAREACC.txt (text/plain) in CBT.V508.FILE532.PDS, moved to PDS/SHAREACC
2025-04-04 11:16:34.965226 - Found SHAREALL.txt (text/plain) in CBT.V508.FILE532.PDS, moved to PDS/SHAREALL
2025-04-04 11:16:34.965355 - Found SIGNON.txt (text/plain) in CBT.V508.FILE532.PDS, moved to PDS/SIGNON
2025-04-04 11:16:34.965464 - Found SJ.txt (text/plain) in CBT.V508.FILE532.PDS, moved to PDS/SJ
2025-04-04 11:16:34.965572 - Found TEMP80.txt (text/plain) in CBT.V508.FILE532.PDS, moved to PDS/TEMP80
2025-04-04 11:16:34.965684 - Found TSOCHK.txt (text/plain) in CBT.V508.FILE532.PDS, moved to PDS/TSOCHK
2025-04-04 11:16:34.965795 - Found TSODATE.txt (text/plain) in CBT.V508.FILE532.PDS, moved to PDS/TSODATE
2025-04-04 11:16:34.965909 - Found TSOSAVE.jcl (text/plain) in CBT.V508.FILE532.PDS, moved to PDS/TSOSAVE
2025-04-04 11:16:34.966043 - Found UNPKZZZ.txt (text/plain) in CBT.V508.FILE532.PDS, moved to PDS/UNPKZZZ
2025-04-04 11:16:34.966260 - Found UPLO.txt (text/plain) in CBT.V508.FILE532.PDS, moved to PDS/UPLO
2025-04-04 11:16:34.966374 - Found UPPERCAS.txt (text/plain) in CBT.V508.FILE532.PDS, moved to PDS/UPPERCAS
2025-04-04 11:16:34.966498 - Found URTLOOK.txt (text/plain) in CBT.V508.FILE532.PDS, moved to PDS/URTLOOK
2025-04-04 11:16:34.966609 - Found VALIDPFX.txt (text/plain) in CBT.V508.FILE532.PDS, moved to PDS/VALIDPFX
2025-04-04 11:16:34.966718 - Found X.txt (text/plain) in CBT.V508.FILE532.PDS, moved to PDS/X
2025-04-04 11:16:34.966834 - Found XREF.txt (text/plain) in CBT.V508.FILE532.PDS, moved to PDS/XREF
2025-04-04 11:16:34.966944 - Found XREFFPF.txt (text/plain) in CBT.V508.FILE532.PDS, moved to PDS/XREFFPF
2025-04-04 11:16:34.967092 - Found Y2KCODE.txt (text/plain) in CBT.V508.FILE532.PDS, moved to PDS/Y2KCODE
2025-04-04 11:16:34.967201 - Found Y2KFLDS.txt (text/plain) in CBT.V508.FILE532.PDS, moved to PDS/Y2KFLDS
